2025-02-18 06:29:31,674 - INFO - Checking Python dependencies...
2025-02-18 06:29:31,691 - INFO - ✓ fastapi>=0.68.0 installed correctly
2025-02-18 06:29:31,695 - INFO - ✓ uvicorn>=0.15.0 installed correctly
2025-02-18 06:29:31,696 - INFO - ✓ pydantic>=1.8.0 installed correctly
2025-02-18 06:29:31,697 - INFO - ✓ python-dotenv>=0.19.0 installed correctly
2025-02-18 06:29:31,710 - INFO - ✓ sqlalchemy>=1.4.23 installed correctly
2025-02-18 06:29:31,711 - INFO - ✓ psycopg2-binary>=2.9.1 installed correctly
2025-02-18 06:29:31,713 - INFO - ✓ alembic>=1.7.3 installed correctly
2025-02-18 06:29:31,845 - INFO - ✓ chromadb>=0.4.15 installed correctly
2025-02-18 06:29:32,043 - INFO - ✓ sentence-transformers>=2.2.2 installed correctly
2025-02-18 06:29:32,044 - INFO - Checking Node.js dependencies...
2025-02-18 06:29:32,906 - INFO - Checking file structure...
2025-02-18 06:29:32,906 - INFO - ✓ Found backend/app/main.py
2025-02-18 06:29:32,906 - INFO - ✓ Found backend/app/core/config.py
2025-02-18 06:29:32,907 - INFO - ✓ Found backend/requirements.txt
2025-02-18 06:29:32,907 - INFO - ✓ Found frontend/src/App.jsx
2025-02-18 06:29:32,908 - INFO - ✓ Found frontend/src/index.js
2025-02-18 06:29:32,908 - INFO - ✓ Found frontend/package.json
2025-02-18 06:29:32,909 - INFO - ✓ Found .env.example
2025-02-18 06:29:32,909 - INFO - ✓ Found docker-compose.yml
2025-02-18 06:29:32,910 - INFO - Checking environment variables...
2025-02-18 06:29:32,910 - INFO - Running backend tests...
2025-02-18 06:29:34,033 - ERROR - ============================= test session starts ==============================
platform linux -- Python 3.12.1, pytest-8.3.4, pluggy-1.5.0
rootdir: /workspaces/movne-chatbot-v2/backend
plugins: anyio-4.7.0
collected 0 items / 1 error

==================================== ERRORS ====================================
_____________________ ERROR collecting tests/test_chat.py ______________________
ImportError while importing test module '/workspaces/movne-chatbot-v2/backend/tests/test_chat.py'.
Hint: make sure your test modules/packages have valid Python names.
Traceback:
/usr/local/python/3.12.1/lib/python3.12/importlib/__init__.py:90: in import_module
    return _bootstrap._gcd_import(name[level:], package, level)
tests/test_chat.py:3: in <module>
    from app.main import app
E   ModuleNotFoundError: No module named 'app'
=========================== short test summary info ============================
ERROR tests/test_chat.py
!!!!!!!!!!!!!!!!!!!! Interrupted: 1 error during collection !!!!!!!!!!!!!!!!!!!!
=============================== 1 error in 0.62s ===============================

2025-02-18 06:29:34,033 - INFO - Checking database connection...
2025-02-18 06:29:34,315 - INFO - Generating debug report...
2025-02-18 06:29:37,916 - INFO - Checking Python dependencies...
2025-02-18 06:29:37,931 - INFO - ✓ fastapi>=0.68.0 installed correctly
2025-02-18 06:29:37,934 - INFO - ✓ uvicorn>=0.15.0 installed correctly
2025-02-18 06:29:37,935 - INFO - ✓ pydantic>=1.8.0 installed correctly
2025-02-18 06:29:37,936 - INFO - ✓ python-dotenv>=0.19.0 installed correctly
2025-02-18 06:29:37,949 - INFO - ✓ sqlalchemy>=1.4.23 installed correctly
2025-02-18 06:29:37,949 - INFO - ✓ psycopg2-binary>=2.9.1 installed correctly
2025-02-18 06:29:37,953 - INFO - ✓ alembic>=1.7.3 installed correctly
2025-02-18 06:29:38,066 - INFO - ✓ chromadb>=0.4.15 installed correctly
2025-02-18 06:29:38,263 - INFO - ✓ sentence-transformers>=2.2.2 installed correctly
2025-02-18 06:29:38,264 - INFO - Checking Node.js dependencies...
2025-02-18 06:29:39,022 - INFO - Checking file structure...
2025-02-18 06:29:39,023 - INFO - ✓ Found backend/app/main.py
2025-02-18 06:29:39,024 - INFO - ✓ Found backend/app/core/config.py
2025-02-18 06:29:39,024 - INFO - ✓ Found backend/requirements.txt
2025-02-18 06:29:39,024 - INFO - ✓ Found frontend/src/App.jsx
2025-02-18 06:29:39,024 - INFO - ✓ Found frontend/src/index.js
2025-02-18 06:29:39,025 - INFO - ✓ Found frontend/package.json
2025-02-18 06:29:39,025 - INFO - ✓ Found .env.example
2025-02-18 06:29:39,025 - INFO - ✓ Found docker-compose.yml
2025-02-18 06:29:39,025 - INFO - Checking environment variables...
2025-02-18 06:29:39,025 - INFO - Running backend tests...
2025-02-18 06:29:39,835 - ERROR - ============================= test session starts ==============================
platform linux -- Python 3.12.1, pytest-8.3.4, pluggy-1.5.0
rootdir: /workspaces/movne-chatbot-v2/backend
plugins: anyio-4.7.0
collected 0 items / 1 error

==================================== ERRORS ====================================
_____________________ ERROR collecting tests/test_chat.py ______________________
ImportError while importing test module '/workspaces/movne-chatbot-v2/backend/tests/test_chat.py'.
Hint: make sure your test modules/packages have valid Python names.
Traceback:
/usr/local/python/3.12.1/lib/python3.12/importlib/__init__.py:90: in import_module
    return _bootstrap._gcd_import(name[level:], package, level)
tests/test_chat.py:3: in <module>
    from app.main import app
E   ModuleNotFoundError: No module named 'app'
=========================== short test summary info ============================
ERROR tests/test_chat.py
!!!!!!!!!!!!!!!!!!!! Interrupted: 1 error during collection !!!!!!!!!!!!!!!!!!!!
=============================== 1 error in 0.55s ===============================

2025-02-18 06:29:39,835 - INFO - Checking database connection...
2025-02-18 06:29:40,021 - INFO - Generating debug report...
2025-02-18 06:31:45,330 - INFO - Checking Python dependencies...
2025-02-18 06:31:45,345 - INFO - ✓ fastapi>=0.68.0 installed correctly
2025-02-18 06:31:45,348 - INFO - ✓ uvicorn>=0.15.0 installed correctly
2025-02-18 06:31:45,348 - INFO - ✓ pydantic>=1.8.0 installed correctly
2025-02-18 06:31:45,350 - INFO - ✓ python-dotenv>=0.19.0 installed correctly
2025-02-18 06:31:45,361 - INFO - ✓ sqlalchemy>=1.4.23 installed correctly
2025-02-18 06:31:45,362 - INFO - ✓ psycopg2-binary>=2.9.1 installed correctly
2025-02-18 06:31:45,365 - INFO - ✓ alembic>=1.7.3 installed correctly
2025-02-18 06:31:45,475 - INFO - ✓ chromadb>=0.4.15 installed correctly
2025-02-18 06:31:45,667 - INFO - ✓ sentence-transformers>=2.2.2 installed correctly
2025-02-18 06:31:45,668 - INFO - Checking Node.js dependencies...
2025-02-18 06:31:46,420 - INFO - Checking file structure...
2025-02-18 06:31:46,420 - INFO - ✓ Found backend/app/main.py
2025-02-18 06:31:46,420 - INFO - ✓ Found backend/app/core/config.py
2025-02-18 06:31:46,420 - INFO - ✓ Found backend/requirements.txt
2025-02-18 06:31:46,420 - INFO - ✓ Found frontend/src/App.jsx
2025-02-18 06:31:46,420 - INFO - ✓ Found frontend/src/index.js
2025-02-18 06:31:46,420 - INFO - ✓ Found frontend/package.json
2025-02-18 06:31:46,420 - INFO - ✓ Found .env.example
2025-02-18 06:31:46,421 - INFO - ✓ Found docker-compose.yml
2025-02-18 06:31:46,421 - INFO - Checking environment variables...
2025-02-18 06:31:46,421 - INFO - Running backend tests...
2025-02-18 06:31:47,310 - ERROR - ============================= test session starts ==============================
platform linux -- Python 3.12.1, pytest-8.3.4, pluggy-1.5.0
rootdir: /workspaces/movne-chatbot-v2/backend
plugins: anyio-4.7.0
collected 0 items / 1 error

==================================== ERRORS ====================================
_____________________ ERROR collecting tests/test_chat.py ______________________
ImportError while importing test module '/workspaces/movne-chatbot-v2/backend/tests/test_chat.py'.
Hint: make sure your test modules/packages have valid Python names.
Traceback:
/usr/local/python/3.12.1/lib/python3.12/importlib/__init__.py:90: in import_module
    return _bootstrap._gcd_import(name[level:], package, level)
tests/test_chat.py:3: in <module>
    from app.main import app
E   ModuleNotFoundError: No module named 'app'
=========================== short test summary info ============================
ERROR tests/test_chat.py
!!!!!!!!!!!!!!!!!!!! Interrupted: 1 error during collection !!!!!!!!!!!!!!!!!!!!
=============================== 1 error in 0.58s ===============================

2025-02-18 06:31:47,311 - INFO - Checking database connection...
2025-02-18 06:31:47,497 - INFO - Generating debug report...
2025-02-18 06:32:40,408 - INFO - Checking Python dependencies...
2025-02-18 06:32:40,425 - INFO - ✓ fastapi>=0.68.0 installed correctly
2025-02-18 06:32:40,428 - INFO - ✓ uvicorn>=0.15.0 installed correctly
2025-02-18 06:32:40,428 - INFO - ✓ pydantic>=1.8.0 installed correctly
2025-02-18 06:32:40,429 - INFO - ✓ python-dotenv>=0.19.0 installed correctly
2025-02-18 06:32:40,443 - INFO - ✓ sqlalchemy>=1.4.23 installed correctly
2025-02-18 06:32:40,443 - INFO - ✓ psycopg2-binary>=2.9.1 installed correctly
2025-02-18 06:32:40,446 - INFO - ✓ alembic>=1.7.3 installed correctly
2025-02-18 06:32:40,554 - INFO - ✓ chromadb>=0.4.15 installed correctly
2025-02-18 06:32:40,780 - INFO - ✓ sentence-transformers>=2.2.2 installed correctly
2025-02-18 06:32:40,780 - INFO - Checking Node.js dependencies...
2025-02-18 06:32:41,574 - INFO - Checking file structure...
2025-02-18 06:32:41,574 - INFO - ✓ Found backend/app/main.py
2025-02-18 06:32:41,574 - INFO - ✓ Found backend/app/core/config.py
2025-02-18 06:32:41,575 - INFO - ✓ Found backend/requirements.txt
2025-02-18 06:32:41,575 - INFO - ✓ Found frontend/src/App.jsx
2025-02-18 06:32:41,575 - INFO - ✓ Found frontend/src/index.js
2025-02-18 06:32:41,575 - INFO - ✓ Found frontend/package.json
2025-02-18 06:32:41,576 - INFO - ✓ Found .env.example
2025-02-18 06:32:41,576 - INFO - ✓ Found docker-compose.yml
2025-02-18 06:32:41,576 - INFO - Checking environment variables...
2025-02-18 06:32:41,576 - INFO - Running backend tests...
2025-02-18 06:32:42,380 - ERROR - ============================= test session starts ==============================
platform linux -- Python 3.12.1, pytest-8.3.4, pluggy-1.5.0
rootdir: /workspaces/movne-chatbot-v2/backend
plugins: anyio-4.7.0
collected 0 items / 1 error

==================================== ERRORS ====================================
_____________________ ERROR collecting tests/test_chat.py ______________________
ImportError while importing test module '/workspaces/movne-chatbot-v2/backend/tests/test_chat.py'.
Hint: make sure your test modules/packages have valid Python names.
Traceback:
/usr/local/python/3.12.1/lib/python3.12/importlib/__init__.py:90: in import_module
    return _bootstrap._gcd_import(name[level:], package, level)
tests/test_chat.py:3: in <module>
    from app.main import app
app/main.py:3: in <module>
    from app.core.config import settings
app/core/config.py:1: in <module>
    from pydantic_settings import BaseSettings
E   ModuleNotFoundError: No module named 'pydantic_settings'
=========================== short test summary info ============================
ERROR tests/test_chat.py
!!!!!!!!!!!!!!!!!!!! Interrupted: 1 error during collection !!!!!!!!!!!!!!!!!!!!
=============================== 1 error in 0.53s ===============================

2025-02-18 06:32:42,381 - INFO - Checking database connection...
2025-02-18 06:32:42,564 - INFO - Generating debug report...
2025-02-18 06:33:19,366 - INFO - Checking Python dependencies...
2025-02-18 06:33:19,381 - INFO - ✓ fastapi>=0.68.0 installed correctly
2025-02-18 06:33:19,384 - INFO - ✓ uvicorn>=0.15.0 installed correctly
2025-02-18 06:33:19,385 - INFO - ✓ pydantic>=1.8.0 installed correctly
2025-02-18 06:33:19,387 - INFO - ✓ pydantic-settings>=2.0.0 installed correctly
2025-02-18 06:33:19,388 - INFO - ✓ python-dotenv>=0.19.0 installed correctly
2025-02-18 06:33:19,400 - INFO - ✓ sqlalchemy>=1.4.23 installed correctly
2025-02-18 06:33:19,401 - INFO - ✓ psycopg2-binary>=2.9.1 installed correctly
2025-02-18 06:33:19,403 - INFO - ✓ alembic>=1.7.3 installed correctly
2025-02-18 06:33:19,514 - INFO - ✓ chromadb>=0.4.15 installed correctly
2025-02-18 06:33:19,709 - INFO - ✓ sentence-transformers>=2.2.2 installed correctly
2025-02-18 06:33:19,713 - INFO - ✓ pytest>=7.0.0 installed correctly
2025-02-18 06:33:19,713 - INFO - Checking Node.js dependencies...
2025-02-18 06:33:20,553 - INFO - Checking file structure...
2025-02-18 06:33:20,554 - INFO - ✓ Found backend/app/main.py
2025-02-18 06:33:20,554 - INFO - ✓ Found backend/app/core/config.py
2025-02-18 06:33:20,554 - INFO - ✓ Found backend/requirements.txt
2025-02-18 06:33:20,554 - INFO - ✓ Found frontend/src/App.jsx
2025-02-18 06:33:20,555 - INFO - ✓ Found frontend/src/index.js
2025-02-18 06:33:20,555 - INFO - ✓ Found frontend/package.json
2025-02-18 06:33:20,555 - INFO - ✓ Found .env.example
2025-02-18 06:33:20,555 - INFO - ✓ Found docker-compose.yml
2025-02-18 06:33:20,556 - INFO - Checking environment variables...
2025-02-18 06:33:20,556 - INFO - Running backend tests...
2025-02-18 06:33:21,423 - ERROR - ============================= test session starts ==============================
platform linux -- Python 3.12.1, pytest-8.3.4, pluggy-1.5.0
rootdir: /workspaces/movne-chatbot-v2/backend
plugins: anyio-4.7.0
collected 0 items / 1 error

==================================== ERRORS ====================================
_____________________ ERROR collecting tests/test_chat.py ______________________
ImportError while importing test module '/workspaces/movne-chatbot-v2/backend/tests/test_chat.py'.
Hint: make sure your test modules/packages have valid Python names.
Traceback:
/home/codespace/.python/current/lib/python3.12/importlib/__init__.py:90: in import_module
    return _bootstrap._gcd_import(name[level:], package, level)
tests/test_chat.py:3: in <module>
    from app.main import app
E   ModuleNotFoundError: No module named 'app'
=========================== short test summary info ============================
ERROR tests/test_chat.py
!!!!!!!!!!!!!!!!!!!! Interrupted: 1 error during collection !!!!!!!!!!!!!!!!!!!!
=============================== 1 error in 0.54s ===============================

2025-02-18 06:33:21,423 - INFO - Checking database connection...
2025-02-18 06:33:21,603 - INFO - Generating debug report...
2025-02-18 06:34:03,391 - INFO - Checking Python dependencies...
2025-02-18 06:34:03,406 - INFO - ✓ fastapi>=0.68.0 installed correctly
2025-02-18 06:34:03,409 - INFO - ✓ uvicorn>=0.15.0 installed correctly
2025-02-18 06:34:03,410 - INFO - ✓ pydantic>=1.8.0 installed correctly
2025-02-18 06:34:03,412 - INFO - ✓ pydantic-settings>=2.0.0 installed correctly
2025-02-18 06:34:03,413 - INFO - ✓ python-dotenv>=0.19.0 installed correctly
2025-02-18 06:34:03,425 - INFO - ✓ sqlalchemy>=1.4.23 installed correctly
2025-02-18 06:34:03,426 - INFO - ✓ psycopg2-binary>=2.9.1 installed correctly
2025-02-18 06:34:03,428 - INFO - ✓ alembic>=1.7.3 installed correctly
2025-02-18 06:34:03,537 - INFO - ✓ chromadb>=0.4.15 installed correctly
2025-02-18 06:34:03,733 - INFO - ✓ sentence-transformers>=2.2.2 installed correctly
2025-02-18 06:34:03,736 - INFO - ✓ pytest>=7.0.0 installed correctly
2025-02-18 06:34:03,737 - INFO - Checking Node.js dependencies...
2025-02-18 06:34:04,552 - INFO - Checking file structure...
2025-02-18 06:34:04,552 - INFO - ✓ Found backend/app/main.py
2025-02-18 06:34:04,552 - INFO - ✓ Found backend/app/core/config.py
2025-02-18 06:34:04,553 - INFO - ✓ Found backend/requirements.txt
2025-02-18 06:34:04,553 - INFO - ✓ Found frontend/src/App.jsx
2025-02-18 06:34:04,553 - INFO - ✓ Found frontend/src/index.js
2025-02-18 06:34:04,553 - INFO - ✓ Found frontend/package.json
2025-02-18 06:34:04,554 - INFO - ✓ Found .env.example
2025-02-18 06:34:04,554 - INFO - ✓ Found docker-compose.yml
2025-02-18 06:34:04,554 - INFO - Checking environment variables...
2025-02-18 06:34:04,554 - INFO - Running backend tests...
2025-02-18 06:34:05,417 - ERROR - ============================= test session starts ==============================
platform linux -- Python 3.12.1, pytest-8.3.4, pluggy-1.5.0
rootdir: /workspaces/movne-chatbot-v2/backend
plugins: anyio-4.7.0, asyncio-0.25.3
asyncio: mode=Mode.STRICT, asyncio_default_fixture_loop_scope=None
collected 2 items

tests/test_chat.py .F                                                    [100%]

=================================== FAILURES ===================================
_______________________________ test_chat_hebrew _______________________________

    def test_chat_hebrew():
        response = client.post(
            "/api/chat",
            json={"message": "שלום", "language": "he"}
        )
>       assert response.status_code == 200
E       assert 422 == 200
E        +  where 422 = <Response [422 Unprocessable Entity]>.status_code

tests/test_chat.py:23: AssertionError
=============================== warnings summary ===============================
../../../home/codespace/.python/current/lib/python3.12/site-packages/pydantic/_internal/_config.py:295
  /home/codespace/.python/current/lib/python3.12/site-packages/pydantic/_internal/_config.py:295: PydanticDeprecatedSince20: Support for class-based `config` is deprecated, use ConfigDict instead. Deprecated in Pydantic V2.0 to be removed in V3.0. See Pydantic V2 Migration Guide at https://errors.pydantic.dev/2.10/migration/
    warnings.warn(DEPRECATION_MESSAGE, DeprecationWarning)

-- Docs: https://docs.pytest.org/en/stable/how-to/capture-warnings.html
=========================== short test summary info ============================
FAILED tests/test_chat.py::test_chat_hebrew - assert 422 == 200
==================== 1 failed, 1 passed, 1 warning in 0.56s ====================

2025-02-18 06:34:05,417 - INFO - Checking database connection...
2025-02-18 06:34:05,755 - INFO - Generating debug report...
2025-02-18 06:35:29,352 - INFO - Checking Python dependencies...
2025-02-18 06:35:29,368 - INFO - ✓ fastapi>=0.68.0 installed correctly
2025-02-18 06:35:29,371 - INFO - ✓ uvicorn>=0.15.0 installed correctly
2025-02-18 06:35:29,372 - INFO - ✓ pydantic>=1.8.0 installed correctly
2025-02-18 06:35:29,374 - INFO - ✓ pydantic-settings>=2.0.0 installed correctly
2025-02-18 06:35:29,375 - INFO - ✓ python-dotenv>=0.19.0 installed correctly
2025-02-18 06:35:29,387 - INFO - ✓ sqlalchemy>=1.4.23 installed correctly
2025-02-18 06:35:29,388 - INFO - ✓ psycopg2-binary>=2.9.1 installed correctly
2025-02-18 06:35:29,390 - INFO - ✓ alembic>=1.7.3 installed correctly
2025-02-18 06:35:29,499 - INFO - ✓ chromadb>=0.4.15 installed correctly
2025-02-18 06:35:29,734 - INFO - ✓ sentence-transformers>=2.2.2 installed correctly
2025-02-18 06:35:29,737 - INFO - ✓ pytest>=7.0.0 installed correctly
2025-02-18 06:35:29,737 - INFO - Checking Node.js dependencies...
2025-02-18 06:35:30,495 - INFO - Checking file structure...
2025-02-18 06:35:30,495 - INFO - ✓ Found backend/app/main.py
2025-02-18 06:35:30,496 - INFO - ✓ Found backend/app/core/config.py
2025-02-18 06:35:30,496 - INFO - ✓ Found backend/requirements.txt
2025-02-18 06:35:30,496 - INFO - ✓ Found frontend/src/App.jsx
2025-02-18 06:35:30,496 - INFO - ✓ Found frontend/src/index.js
2025-02-18 06:35:30,496 - INFO - ✓ Found frontend/package.json
2025-02-18 06:35:30,497 - INFO - ✓ Found .env.example
2025-02-18 06:35:30,497 - INFO - ✓ Found docker-compose.yml
2025-02-18 06:35:30,497 - INFO - Checking environment variables...
2025-02-18 06:35:30,497 - INFO - Running backend tests...
2025-02-18 06:35:31,280 - ERROR - ============================= test session starts ==============================
platform linux -- Python 3.12.1, pytest-8.3.4, pluggy-1.5.0
rootdir: /workspaces/movne-chatbot-v2/backend
plugins: anyio-4.7.0, asyncio-0.25.3
asyncio: mode=Mode.STRICT, asyncio_default_fixture_loop_scope=None
collected 2 items

tests/test_chat.py .F                                                    [100%]

=================================== FAILURES ===================================
_______________________________ test_chat_hebrew _______________________________

    def test_chat_hebrew():
        response = client.post(
            "/api/chat",
            json={"message": "שלום", "language": "he"}
        )
>       assert response.status_code == 200
E       assert 422 == 200
E        +  where 422 = <Response [422 Unprocessable Entity]>.status_code

tests/test_chat.py:23: AssertionError
=============================== warnings summary ===============================
../../../home/codespace/.python/current/lib/python3.12/site-packages/pydantic/_internal/_config.py:295
  /home/codespace/.python/current/lib/python3.12/site-packages/pydantic/_internal/_config.py:295: PydanticDeprecatedSince20: Support for class-based `config` is deprecated, use ConfigDict instead. Deprecated in Pydantic V2.0 to be removed in V3.0. See Pydantic V2 Migration Guide at https://errors.pydantic.dev/2.10/migration/
    warnings.warn(DEPRECATION_MESSAGE, DeprecationWarning)

-- Docs: https://docs.pytest.org/en/stable/how-to/capture-warnings.html
=========================== short test summary info ============================
FAILED tests/test_chat.py::test_chat_hebrew - assert 422 == 200
==================== 1 failed, 1 passed, 1 warning in 0.51s ====================

2025-02-18 06:35:31,281 - INFO - Checking database connection...
2025-02-18 06:35:31,459 - INFO - Generating debug report...
